This file contains any messages produced by compilers while
running configure, to aid debugging if configure makes a mistake.

It was created by parallel configure 20170922, which was
generated by GNU Autoconf 2.69.  Invocation command line was

  $ ./configure --build x86_64-pc-linux-gnu --host arm-linux-gnueabi LDFLAGS=-static

## --------- ##
## Platform. ##
## --------- ##

hostname = reprisal
uname -m = x86_64
uname -r = 4.4.0-43-Microsoft
uname -s = Linux
uname -v = #1-Microsoft Wed Dec 31 14:42:53 PST 2014

/usr/bin/uname -p = unknown
/bin/uname -X     = unknown

/bin/arch              = unknown
/usr/bin/arch -k       = unknown
/usr/convex/getsysinfo = unknown
/usr/bin/hostinfo      = unknown
/bin/machine           = unknown
/usr/bin/oslevel       = unknown
/bin/universe          = unknown

PATH: /home/mike/bin
PATH: /usr/local/sbin
PATH: /usr/local/bin
PATH: /usr/sbin
PATH: /usr/bin
PATH: /sbin
PATH: /bin
PATH: /usr/games
PATH: /usr/local/games
PATH: /mnt/c/code/cmder/vendor/conemu-maximus5/ConEmu/Scripts
PATH: /mnt/c/code/cmder/vendor/conemu-maximus5
PATH: /mnt/c/code/cmder/vendor/conemu-maximus5/ConEmu
PATH: /mnt/c/ProgramData/Oracle/Java/javapath_target_367703953
PATH: /mnt/c/Program Files (x86)/Intel/iCLS Client
PATH: /mnt/c/Program Files/Intel/iCLS Client
PATH: /mnt/c/Windows/System32
PATH: /mnt/c/Windows
PATH: /mnt/c/Windows/System32/wbem
PATH: /mnt/c/Windows/System32/WindowsPowerShell/v1.0
PATH: /mnt/c/Program Files (x86)/Intel/Intel(R) Management Engine Components/DAL
PATH: /mnt/c/Program Files/Intel/Intel(R) Management Engine Components/DAL
PATH: /mnt/c/Program Files (x86)/Intel/Intel(R) Management Engine Components/IPT
PATH: /mnt/c/Program Files/Intel/Intel(R) Management Engine Components/IPT
PATH: /mnt/c/Program Files (x86)/NVIDIA Corporation/PhysX/Common
PATH: /mnt/c/Program Files/Microsoft SQL Server/130/Tools/Binn
PATH: /mnt/c/Program Files/dotnet
PATH: /mnt/c/Windows/System32
PATH: /mnt/c/Windows
PATH: /mnt/c/Windows/System32/wbem
PATH: /mnt/c/Windows/System32/WindowsPowerShell/v1.0
PATH: /mnt/c/Users/Mike/.cargo/bin
PATH: /mnt/c/Users/Mike/AppData/Local/Microsoft/WindowsApps
PATH: /mnt/c/Program Files (x86)/Microsoft VS Code/bin
PATH: /mnt/c/Program Files/CMake/bin
PATH: /mnt/c/Python27
PATH: /mnt/c/Users/Mike/AppData/Local/Programs/Fiddler
PATH: /mnt/c/Users/Mike/AppData/Local/Microsoft/WindowsApps
PATH: /home/mike/bx/bin/bin
PATH: /mnt/c/Windows/System32


## ----------- ##
## Core tests. ##
## ----------- ##

configure:1770: checking for a BSD-compatible install
configure:1838: result: /usr/bin/install -c
configure:1849: checking whether build environment is sane
configure:1904: result: yes
configure:1963: checking for arm-linux-gnueabi-strip
configure:1979: found /usr/bin/arm-linux-gnueabi-strip
configure:1990: result: arm-linux-gnueabi-strip
configure:2055: checking for a thread-safe mkdir -p
configure:2094: result: /bin/mkdir -p
configure:2101: checking for gawk
configure:2117: found /usr/bin/gawk
configure:2128: result: gawk
configure:2139: checking whether make sets $(MAKE)
configure:2161: result: yes
configure:2190: checking whether make supports nested variables
configure:2207: result: yes
configure:2353: checking whether ln -s works
configure:2357: result: yes
configure:2473: checking that generated files are newer than configure
configure:2479: result: done
configure:2491: creating ./config.status

## ---------------------- ##
## Running config.status. ##
## ---------------------- ##

This file was extended by parallel config.status 20170922, which was
generated by GNU Autoconf 2.69.  Invocation command line was

  CONFIG_FILES    = 
  CONFIG_HEADERS  = 
  CONFIG_LINKS    = 
  CONFIG_COMMANDS = 
  $ ./config.status 

on reprisal

config.status:814: creating Makefile
config.status:814: creating src/Makefile
config.status:814: creating config.h

## ---------------- ##
## Cache variables. ##
## ---------------- ##

ac_cv_env_build_alias_set=set
ac_cv_env_build_alias_value=x86_64-pc-linux-gnu
ac_cv_env_host_alias_set=set
ac_cv_env_host_alias_value=arm-linux-gnueabi
ac_cv_env_target_alias_set=
ac_cv_env_target_alias_value=
ac_cv_path_install='/usr/bin/install -c'
ac_cv_path_mkdir=/bin/mkdir
ac_cv_prog_AWK=gawk
ac_cv_prog_STRIP=arm-linux-gnueabi-strip
ac_cv_prog_make_make_set=yes
am_cv_make_support_nested_variables=yes

## ----------------- ##
## Output variables. ##
## ----------------- ##

ACLOCAL='${SHELL} /home/mike/distro/parallel-20170922/missing aclocal-1.15'
AMTAR='$${TAR-tar}'
AM_BACKSLASH='\'
AM_DEFAULT_V='$(AM_DEFAULT_VERBOSITY)'
AM_DEFAULT_VERBOSITY='1'
AM_V='$(V)'
AUTOCONF='${SHELL} /home/mike/distro/parallel-20170922/missing autoconf'
AUTOHEADER='${SHELL} /home/mike/distro/parallel-20170922/missing autoheader'
AUTOMAKE='${SHELL} /home/mike/distro/parallel-20170922/missing automake-1.15'
AWK='gawk'
CYGPATH_W='echo'
DEFS='-DHAVE_CONFIG_H'
DOCUMENTATION_FALSE='#'
DOCUMENTATION_TRUE=''
ECHO_C=''
ECHO_N='-n'
ECHO_T=''
INSTALL_DATA='${INSTALL} -m 644'
INSTALL_PROGRAM='${INSTALL}'
INSTALL_SCRIPT='${INSTALL}'
INSTALL_STRIP_PROGRAM='$(install_sh) -c -s'
LIBOBJS=''
LIBS=''
LN_S='ln -s'
LTLIBOBJS=''
MAKEINFO='${SHELL} /home/mike/distro/parallel-20170922/missing makeinfo'
MKDIR_P='/bin/mkdir -p'
PACKAGE='parallel'
PACKAGE_BUGREPORT='bug-parallel@gnu.org'
PACKAGE_NAME='parallel'
PACKAGE_STRING='parallel 20170922'
PACKAGE_TARNAME='parallel'
PACKAGE_URL=''
PACKAGE_VERSION='20170922'
PATH_SEPARATOR=':'
SET_MAKE=''
SHELL='/bin/bash'
STRIP='arm-linux-gnueabi-strip'
VERSION='20170922'
am__isrc=''
am__leading_dot='.'
am__tar='$${TAR-tar} chof - "$$tardir"'
am__untar='$${TAR-tar} xf -'
bindir='${exec_prefix}/bin'
build_alias='x86_64-pc-linux-gnu'
datadir='${datarootdir}'
datarootdir='${prefix}/share'
docdir='${datarootdir}/doc/${PACKAGE_TARNAME}'
dvidir='${docdir}'
exec_prefix='${prefix}'
host_alias='arm-linux-gnueabi'
htmldir='${docdir}'
includedir='${prefix}/include'
infodir='${datarootdir}/info'
install_sh='${SHELL} /home/mike/distro/parallel-20170922/install-sh'
libdir='${exec_prefix}/lib'
libexecdir='${exec_prefix}/libexec'
localedir='${datarootdir}/locale'
localstatedir='${prefix}/var'
mandir='${datarootdir}/man'
mkdir_p='$(MKDIR_P)'
oldincludedir='/usr/include'
pdfdir='${docdir}'
prefix='/usr/local'
program_transform_name='s,x,x,'
psdir='${docdir}'
runstatedir='${localstatedir}/run'
sbindir='${exec_prefix}/sbin'
sharedstatedir='${prefix}/com'
sysconfdir='${prefix}/etc'
target_alias=''

## ----------- ##
## confdefs.h. ##
## ----------- ##

/* confdefs.h */
#define PACKAGE_NAME "parallel"
#define PACKAGE_TARNAME "parallel"
#define PACKAGE_VERSION "20170922"
#define PACKAGE_STRING "parallel 20170922"
#define PACKAGE_BUGREPORT "bug-parallel@gnu.org"
#define PACKAGE_URL ""
#define PACKAGE "parallel"
#define VERSION "20170922"

configure: exit 0
